<?xml version="1.0" encoding="UTF-8"?>
<!-- Generated by org.testng.reporters.JUnitReportReporter -->
<testsuite hostname="LAPTOP-PHJEU9F9" failures="0" tests="1" name="org.example.GoogleSearchtest" time="16.789" errors="0" timestamp="2023-03-29T10:45:17 IST" skipped="0">
  <testcase classname="org.example.GoogleSearchtest" name="googleTest" time="16.789"/>
  <system-out/>
</testsuite> <!-- org.example.GoogleSearchtest -->
