<?xml version="1.0" encoding="UTF-8"?>
<!-- Generated by org.testng.reporters.JUnitReportReporter -->
<testsuite hostname="LAPTOP-PHJEU9F9" failures="0" tests="2" name="org.example.AppTest" time="0.035" errors="0" timestamp="2023-03-29T10:45:17 IST" skipped="0">
  <testcase classname="org.example.AppTest" name="testcase2_login" time="0.001"/>
  <system-out/>
  <testcase classname="org.example.AppTest" name="testcase1_login" time="0.034"/>
  <system-out/>
</testsuite> <!-- org.example.AppTest -->
